android/gradleBuild/outputs/logs/manifest-merger-debug-report.txt
-- Merging decision tree log ---
manifest
ADDED from examples/android/AndroidManifest.xml:18:1-62:12
INJECTED from examples/android/AndroidManifest.xml:18:1-62:12
MERGED from [org.tensorflow:tensorflow-android:1.8.0] AndroidManifest.xml:2:1-8:12
MERGED from [com.android.support:appcompat-v7:27.0.2] AndroidManifest.xml:17:1-22:12
MERGED from [com.github.bumptech.glide:volley-integration:1.4.0] AndroidManifest.xml:2:1-17:12
MERGED from [com.android.support:support-fragment:27.0.2] AndroidManifest.xml:17:1-22:12
MERGED from [com.android.support:support-core-utils:27.0.2] AndroidManifest.xml:17:1-22:12
MERGED from [com.android.support:animated-vector-drawable:27.0.2] AndroidManifest.xml:17:1-22:12
MERGED from [com.android.support:support-vector-drawable:27.0.2] AndroidManifest.xml:17:1-22:12
MERGED from [com.android.support:support-core-ui:27.0.2] AndroidManifest.xml:17:1-22:12
MERGED from [com.android.support:support-compat:27.0.2] AndroidManifest.xml:17:1-22:12
MERGED from [android.arch.lifecycle:runtime:1.0.3] AndroidManifest.xml:17:1-24:12
INJECTED from examples/android/AndroidManifest.xml:18:1-62:12
	package
		ADDED from examples/android/AndroidManifest.xml:19:5-34
		INJECTED from examples/android/AndroidManifest.xml
		INJECTED from examples/android/AndroidManifest.xml
	xmlns:android
		ADDED from examples/android/AndroidManifest.xml:18:11-69
uses-permission#android.permission.CAMERA
ADDED from examples/android/AndroidManifest.xml:21:5-65
	android:name
		ADDED from examples/android/AndroidManifest.xml:21:22-62
uses-feature#android.hardware.camera
ADDED from examples/android/AndroidManifest.xml:22:5-60
	android:name
		ADDED from examples/android/AndroidManifest.xml:22:19-57
uses-feature#android.hardware.camera.autofocus
ADDED from examples/android/AndroidManifest.xml:23:5-70
	android:name
		ADDED from examples/android/AndroidManifest.xml:23:19-67
uses-permission#android.permission.WRITE_EXTERNAL_STORAGE
ADDED from examples/android/AndroidManifest.xml:24:5-80
	android:name
		ADDED from examples/android/AndroidManifest.xml:24:22-78
uses-permission#android.permission.RECORD_AUDIO
ADDED from examples/android/AndroidManifest.xml:25:5-71
	android:name
		ADDED from examples/android/AndroidManifest.xml:25:22-68
uses-permission#android.permission.ACCESS_NETWORK_STATE
ADDED from examples/android/AndroidManifest.xml:26:5-79
	android:name
		ADDED from examples/android/AndroidManifest.xml:26:22-76
uses-permission#android.permission.INTERNET
ADDED from examples/android/AndroidManifest.xml:27:5-67
	android:name
		ADDED from examples/android/AndroidManifest.xml:27:22-64
uses-sdk
ADDED from examples/android/AndroidManifest.xml:29:5-31:41
INJECTED from examples/android/AndroidManifest.xml:29:5-31:41
INJECTED from examples/android/AndroidManifest.xml:29:5-31:41
MERGED from [com.android.support:appcompat-v7:27.0.2] AndroidManifest.xml:20:5-44
MERGED from [com.android.support:appcompat-v7:27.0.2] AndroidManifest.xml:20:5-44
MERGED from [com.github.bumptech.glide:volley-integration:1.4.0] AndroidManifest.xml:7:5-9:41
MERGED from [com.github.bumptech.glide:volley-integration:1.4.0] AndroidManifest.xml:7:5-9:41
MERGED from [com.android.support:support-fragment:27.0.2] AndroidManifest.xml:20:5-44
MERGED from [com.android.support:support-fragment:27.0.2] AndroidManifest.xml:20:5-44
MERGED from [com.android.support:support-core-utils:27.0.2] AndroidManifest.xml:20:5-44
MERGED from [com.android.support:support-core-utils:27.0.2] AndroidManifest.xml:20:5-44
MERGED from [com.android.support:animated-vector-drawable:27.0.2] AndroidManifest.xml:20:5-44
MERGED from [com.android.support:animated-vector-drawable:27.0.2] AndroidManifest.xml:20:5-44
MERGED from [com.android.support:support-vector-drawable:27.0.2] AndroidManifest.xml:20:5-44
MERGED from [com.android.support:support-vector-drawable:27.0.2] AndroidManifest.xml:20:5-44
MERGED from [com.android.support:support-core-ui:27.0.2] AndroidManifest.xml:20:5-44
MERGED from [com.android.support:support-core-ui:27.0.2] AndroidManifest.xml:20:5-44
MERGED from [com.android.support:support-compat:27.0.2] AndroidManifest.xml:20:5-44
MERGED from [com.android.support:support-compat:27.0.2] AndroidManifest.xml:20:5-44
MERGED from [android.arch.lifecycle:runtime:1.0.3] AndroidManifest.xml:20:5-22:41
MERGED from [android.arch.lifecycle:runtime:1.0.3] AndroidManifest.xml:20:5-22:41
INJECTED from examples/android/AndroidManifest.xml:29:5-31:41
INJECTED from examples/android/AndroidManifest.xml:29:5-31:41
	android:targetSdkVersion
		ADDED from examples/android/AndroidManifest.xml:31:9-38
		INJECTED from examples/android/AndroidManifest.xml
		INJECTED from examples/android/AndroidManifest.xml
	android:minSdkVersion
		ADDED from examples/android/AndroidManifest.xml:30:9-35
		INJECTED from examples/android/AndroidManifest.xml
		INJECTED from examples/android/AndroidManifest.xml
application
ADDED from examples/android/AndroidManifest.xml:33:5-60:19
MERGED from [org.tensorflow:tensorflow-android:1.8.0] AndroidManifest.xml:5:5-6:19
MERGED from [org.tensorflow:tensorflow-android:1.8.0] AndroidManifest.xml:5:5-6:19
MERGED from [com.github.bumptech.glide:volley-integration:1.4.0] AndroidManifest.xml:11:5-15:19
MERGED from [com.github.bumptech.glide:volley-integration:1.4.0] AndroidManifest.xml:11:5-15:19
	android:label
		ADDED from examples/android/AndroidManifest.xml:35:9-41
	android:debuggable
		ADDED from examples/android/AndroidManifest.xml:34:9-34
	android:icon
		ADDED from examples/android/AndroidManifest.xml:36:9-45
	android:allowBackup
		ADDED from examples/android/AndroidManifest.xml:33:18-44
	android:theme
		ADDED from examples/android/AndroidManifest.xml:37:9-45
activity#org.tensorflow.demo.DetectorActivity
ADDED from examples/android/AndroidManifest.xml:39:9-47:20
	android:screenOrientation
		ADDED from examples/android/AndroidManifest.xml:40:19-55
	android:label
		ADDED from examples/android/AndroidManifest.xml:41:19-40
	android:name
		ADDED from examples/android/AndroidManifest.xml:39:19-70
intent-filter#android.intent.action.MAIN+android.intent.category.LAUNCHER+android.intent.category.LEANBACK_LAUNCHER
ADDED from examples/android/AndroidManifest.xml:42:13-46:29
action#android.intent.action.MAIN
ADDED from examples/android/AndroidManifest.xml:43:17-69
	android:name
		ADDED from examples/android/AndroidManifest.xml:43:25-66
category#android.intent.category.LAUNCHER
ADDED from examples/android/AndroidManifest.xml:44:17-77
	android:name
		ADDED from examples/android/AndroidManifest.xml:44:27-74
category#android.intent.category.LEANBACK_LAUNCHER
ADDED from examples/android/AndroidManifest.xml:45:17-86
	android:name
		ADDED from examples/android/AndroidManifest.xml:45:27-83
activity#org.tensorflow.demo.WikiActivity
ADDED from examples/android/AndroidManifest.xml:49:9-58:20
	android:parentActivityName
		ADDED from examples/android/AndroidManifest.xml:53:13-78
	android:label
		ADDED from examples/android/AndroidManifest.xml:51:13-42
	android:theme
		ADDED from examples/android/AndroidManifest.xml:52:13-62
	android:name
		ADDED from examples/android/AndroidManifest.xml:50:13-41
meta-data#android.support.PARENT_ACTIVITY
ADDED from examples/android/AndroidManifest.xml:55:13-57:53
	android:value
		ADDED from examples/android/AndroidManifest.xml:57:17-50
	android:name
		ADDED from examples/android/AndroidManifest.xml:56:17-63
uses-permission#android.permission.READ_PHONE_STATE
IMPLIED from examples/android/AndroidManifest.xml:18:1-62:12 reason: tensorflow.contrib.android has a targetSdkVersion < 4
uses-permission#android.permission.READ_EXTERNAL_STORAGE
IMPLIED from examples/android/AndroidManifest.xml:18:1-62:12 reason: tensorflow.contrib.android requested WRITE_EXTERNAL_STORAGE
meta-data#com.bumptech.glide.integration.volley.VolleyGlideModule
ADDED from [com.github.bumptech.glide:volley-integration:1.4.0] AndroidManifest.xml:12:9-14:43
	android:value
		ADDED from [com.github.bumptech.glide:volley-integration:1.4.0] AndroidManifest.xml:14:13-40
	android:name
		ADDED from [com.github.bumptech.glide:volley-integration:1.4.0] AndroidManifest.xml:13:13-83